$GNGGA,,,,,,0,00,25.5,,,,,,*64
$GNGLL,,,,,,V,N*7A
$GPGSA,A,1,,,,,,,,,,,,,25.5,25.5,25.5*02
$BDGSA,A,1,,,,,,,,,,,,,25.5,25.5,25.5*13
$GPGSV,1,1,00*79
$BDGSV,1,1,00*68
$GNRMC,,V,,,,,,,,,,N*4D
$GNVTG,,,,,,,,,N*2E
$GNZDA,,,,,,*56
$GPTXT,01,01,01,ANTENNA OK*35
$GNGGA,,,,,,0,00,25.5,,,,,,*64
$GNGLL,,,,,,V,N*7A
$GPGSA,A,1,,,,,,,,,,,,,25.5,25.5,25.5*02
$BDGSA,A,1,,,,,,,,,,,,,25.5,25.5,25.5*13
$GPGSV,1,1,00*79
$BDGSV,1,1,00*68
$GNRMC,,V,,,,,,,,,,N*4D
$GNVTG,,,,,,,,,N*2E
$GNZDA,,,,,,*56
$GPTXT,01,01,01,ANTENNA OK*35
$GNGGA,,,,,,0,00,25.5,,,,,,*64
$GNGLL,,,,,,V,N*7A
$GPGSA,A,1,,,,,,,,,,,,,25.5,25.5,25.5*02
$BDGSA,A,1,,,,,,,,,,,,,25.5,25.5,25.5*13
$GPGSV,1,1,00*79
$BDGSV,1,1,00*68
$GNRMC,,V,,,,,,,,,,N*4D
$GNVTG,,,,,,,,,N*2E
$GNZDA,,,,,,*56
$GPTXT,01,01,01,ANTENNA OK*35
$GNGGA,,,,,,0,00,25.5,,,,,,*64
$GNGLL,,,,,,V,N*7A
$GPGSA,A,1,,,,,,,,,,,,,25.5,25.5,25.5*02
$BDGSA,A,1,,,,,,,,,,,,,25.5,25.5,25.5*13
$GPGSV,1,1,00*79
$BDGSV,1,1,00*68
$GNRMC,,V,,,,,,,,,,N*4D
$GNVTG,,,,,,,,,N*2E
$GNZDA,,,,,,*56
$GPTXT,01,01,01,ANTENNA OK*35
$GNGGA,,,,,,0,00,25.5,,,,,,*64
$GNGLL,,,,,,V,N*7A
$GPGSA,A,1,,,,,,,,,,,,,25.5,25.5,25.5*02
$BDGSA,A,1,,,,,,,,,,,,,25.5,25.5,25.5*13
$GPGSV,1,1,00*79
$BDGSV,1,1,00*68
$GNRMC,,V,,,,,,,,,,N*4D
$GNVTG,,,,,,,,,N*2E
$GNZDA,,,,,,*56
$GPTXT,01,01,01,ANTENNA OK*35
$GNGGA,,,,,,0,00,25.5,,,,,,*64
$GNGLL,,,,,,V,N*7A
$GPGSA,A,1,,,,,,,,,,,,,25.5,25.5,25.5*02
$BDGSA,A,1,,,,,,,,,,,,,25.5,25.5,25.5*13
$GPGSV,1,1,00*79
$BDGSV,1,1,00*68
$GNRMC,,V,,,,,,,,,,N*4D
$GNVTG,,,,,,,,,N*2E
$GNZDA,,,,,,*56
$GPTXT,01,01,01,ANTENNA OK*35
$GNGGA,,,,,,0,00,25.5,,,,,,*64
$GNGLL,,,,,,V,N*7A
$GPGSA,A,1,,,,,,,,,,,,,25.5,25.5,25.5*02
$BDGSA,A,1,,,,,,,,,,,,,25.5,25.5,25.5*13
$GPGSV,1,1,00*79
$BDGSV,1,1,00*68
$GNRMC,,V,,,,,,,,,,N*4D
$GNVTG,,,,,,,,,N*2E
$GNZDA,,,,,,*56
$GPTXT,01,01,01,ANTENNA OK*35
$GNGGA,,,,,,0,00,25.5,,,,,,*64
$GNGLL,,,,,,V,N*7A
$GPGSA,A,1,,,,,,,,,,,,,25.5,25.5,25.5*02
$BDGSA,A,1,,,,,,,,,,,,,25.5,25.5,25.5*13
$GPGSV,1,1,00*79
$BDGSV,1,1,00*68
$GNRMC,,V,,,,,,,,,,N*4D
$GNVTG,,,,,,,,,N*2E
$GNZDA,,,,,,*56
$GPTXT,01,01,01,ANTENNA OK*35
$GNGGA,,,,,,0,00,25.5,,,,,,*64
$GNGLL,,,,,,V,N*7A
$GPGSA,A,1,,,,,,,,,,,,,25.5,25.5,25.5*02
$BDGSA,A,1,,,,,,,,,,,,,25.5,25.5,25.5*13
$GPGSV,1,1,00*79
$BDGSV,1,1,00*68
$GNRMC,,V,,,,,,,,,,N*4D
$GNVTG,,,,,,,,,N*2E
$GNZDA,,,,,,*56
$GPTXT,01,01,01,ANTENNA OK*35
$GNGGA,,,,,,0,00,25.5,,,,,,*64
$GNGLL,,,,,,V,N*7A
$GPGSA,A,1,,,,,,,,,,,,,25.5,25.5,25.5*02
$BDGSA,A,1,,,,,,,,,,,,,25.5,25.5,25.5*13
$GPGSV,1,1,00*79
$BDGSV,1,1,00*68
$GNRMC,,V,,,,,,,,,,N*4D
$GNVTG,,,,,,,,,N*2E
$GNZDA,,,,,,*56
$GPTXT,01,01,01,ANTENNA OK*35
$GNGGA,,,,,,0,00,25.5,,,,,,*64
$GNGLL,,,,,,V,N*7A
$GPGSA,A,1,,,,,,,,,,,,,25.5,25.5,25.5*02
$BDGSA,A,1,,,,,,,,,,,,,25.5,25.5,25.5*13
$GPGSV,1,1,00*79
$BDGSV,1,1,00*68
$GNRMC,,V,,,,,,,,,,N*4D
$GNVTG,,,,,,,,,N*2E
$GNZDA,,,,,,*56
$GPTXT,01,01,01,ANTENNA OK*35
$GNGGA,,,,,,0,00,25.5,,,,,,*64
$GNGLL,,,,,,V,N*7A
$GPGSA,A,1,,,,,,,,,,,,,25.5,25.5,25.5*02
$BDGSA,A,1,,,,,,,,,,,,,25.5,25.5,25.5*13
$GPGSV,1,1,00*79
$BDGSV,1,1,00*68
$GNRMC,,V,,,,,,,,,,N*4D
$GNVTG,,,,,,,,,N*2E
$GNZDA,,,,,,*56
$GPTXT,01,01,01,ANTENNA OK*35
$GNGGA,,,,,,0,00,25.5,,,,,,*64
$GNGLL,,,,,,V,N*7A
$GPGSA,A,1,,,,,,,,,,,,,25.5,25.5,25.5*02
$BDGSA,A,1,,,,,,,,,,,,,25.5,25.5,25.5*13
$GPGSV,1,1,00*79
$BDGSV,1,1,00*68
$GNRMC,,V,,,,,,,,,,N*4D
$GNVTG,,,,,,,,,N*2E
$GNZDA,,,,,,*56
$GPTXT,01,01,01,ANTENNA OK*35
$GNGGA,,,,,,0,00,25.5,,,,,,*64
$GNGLL,,,,,,V,N*7A
$GPGSA,A,1,,,,,,,,,,,,,25.5,25.5,25.5*02
$BDGSA,A,1,,,,,,,,,,,,,25.5,25.5,25.5*13
$GPGSV,1,1,00*79
$BDGSV,1,1,00*68
$GNRMC,,V,,,,,,,,,,N*4D
$GNVTG,,,,,,,,,N*2E
$GNZDA,,,,,,*56
$GPTXT,01,01,01,ANTENNA OK*35
$GNGGA,,,,,,0,00,25.5,,,,,,*64
$GNGLL,,,,,,V,N*7A
$GPGSA,A,1,,,,,,,,,,,,,25.5,25.5,25.5*02
$BDGSA,A,1,,,,,,,,,,,,,25.5,25.5,25.5*13
$GPGSV,1,1,00*79
$BDGSV,1,1,00*68
$GNRMC,,V,,,,,,,,,,N*4D
$GNVTG,,,,,,,,,N*2E
$GNZDA,,,,,,*56
$GPTXT,01,01,01,ANTENNA OK*35
